<?xml version="1.0" encoding="UTF-8"?>
<beans xmlns="http://www.springframework.org/schema/beans"
	xmlns:xsi="http://www.w3.org/2001/XMLSchema-instance" xmlns:p="http://www.springframework.org/schema/p"
	xmlns:context="http://www.springframework.org/schema/context"
	xmlns:mvc="http://www.springframework.org/schema/mvc" xmlns:tx="http://www.springframework.org/schema/tx"
	xmlns:jdbc="http://www.springframework.org/schema/jdbc" xmlns:aop="http://www.springframework.org/schema/aop"
	xsi:schemaLocation="http://www.springframework.org/schema/beans 
                           http://www.springframework.org/schema/beans/spring-beans.xsd
                           http://www.springframework.org/schema/context 
                           http://www.springframework.org/schema/context/spring-context.xsd
                           http://www.springframework.org/schema/mvc
                           http://www.springframework.org/schema/mvc/spring-mvc.xsd
                           http://www.springframework.org/schema/tx 
                           http://www.springframework.org/schema/tx/spring-tx.xsd
                           http://www.springframework.org/schema/jdbc http://www.springframework.org/schema/jdbc/spring-jdbc.xsd">
	<context:component-scan base-package="org.jbulletin.dao.jpa.impl" />
	<context:component-scan base-package="org.jbulletin.service.impl" />
	<context:component-scan base-package="org.jbulletin.service" />
	<context:component-scan base-package="org.jbulletin.beans" />
	<context:component-scan base-package="org.jbulletin.validation" />

	<tx:annotation-driven transaction-manager="transactionManager" />

	<bean id="transactionManager" class="org.springframework.orm.jpa.JpaTransactionManager">
		<property name="entityManagerFactory" ref="entityManagerFactory" />
		<property name="dataSource" ref="dataSource" />

	</bean>

	<jdbc:embedded-database id="dataSource">
	</jdbc:embedded-database>
	<bean id="entityManagerFactory"
		class="org.springframework.orm.jpa.LocalContainerEntityManagerFactoryBean">
		<property name="dataSource" ref="dataSource" />
		<property name="jpaVendorAdapter">
			<bean class="org.springframework.orm.jpa.vendor.HibernateJpaVendorAdapter" />
		</property>
		<property name="jpaProperties">
			<props>
				<prop key="hibernate.dialect">org.hibernate.dialect.HSQLDialect</prop>
				<prop key="hibernate.hbm2ddl.auto">create-drop</prop>
				<prop key="hibernate.show_sql">true</prop>
			</props>
		</property>
	</bean>

	<bean
		class="org.springframework.web.servlet.view.ContentNegotiatingViewResolver">
		<property name="contentNegotiationManager" ref="cnManager" />

		<property name="viewResolvers">
			<list>
				<!-- Default viewClass: JSTL view (JSP with html output) -->
				<bean
					class="org.springframework.web.servlet.view.InternalResourceViewResolver">
					<!-- Example: a logical view name of 'vets' is mapped to '/WEB-INF/jsp/vets.jsp' -->
					<property name="prefix" value="/WEB-INF/jsp/" />
					<property name="suffix" value=".jsp" />
				</bean>

				<!-- Used here for 'xml' and 'atom' views -->
				<bean class="org.springframework.web.servlet.view.BeanNameViewResolver" />
			</list>
		</property>
	</bean>

	<!-- Simple strategy: only path extension is taken into account -->
	<bean id="cnManager"
		class="org.springframework.web.accept.ContentNegotiationManagerFactoryBean">
		<property name="favorPathExtension" value="true" />
		<property name="ignoreAcceptHeader" value="true" />
		<property name="defaultContentType" value="text/html" />

		<property name="mediaTypes">
			<map>
				<entry key="html" value="text/html" />
				<entry key="xml" value="application/xml" />
				<entry key="atom" value="application/atom+xml" />
			</map>
		</property>
	</bean>
	
	<bean id="validator"
		class="org.springframework.validation.beanvalidation.LocalValidatorFactoryBean" />
</beans>